#
# A fatal error has been detected by the Java Runtime Environment:
#
#  EXCEPTION_ACCESS_VIOLATION (0xc0000005) at pc=0x0000000180003ae0, pid=1080, tid=0x0000000000002134
#
# JRE version: Java(TM) SE Runtime Environment (8.0_161-b12) (build 1.8.0_161-b12)
# Java VM: Java HotSpot(TM) 64-Bit Server VM (25.161-b12 mixed mode windows-amd64 compressed oops)
# Problematic frame:
# C  0x0000000180003ae0
#
# Failed to write core dump. Minidumps are not enabled by default on client versions of Windows
#
# If you would like to submit a bug report, please visit:
#   http://bugreport.java.com/bugreport/crash.jsp
# The crash happened outside the Java Virtual Machine in native code.
# See problematic frame for where to report the bug.
#

---------------  T H R E A D  ---------------

Current thread (0x000000001be43800):  JavaThread "HIDCommandExecutionQueue.executor pool-5-thread-1" daemon [_thread_in_native, id=8500, stack(0x000000001dba0000,0x000000001dca0000)]

siginfo: ExceptionCode=0xc0000005, ExceptionInformation=0x0000000000000008 0x0000000180003ae0

Registers:
RAX=0x0000000180003ae0, RBX=0x0000000019a2de98, RCX=0x000000001be439f8, RDX=0x000000001dc9ed50
RSP=0x000000001dc9ecc8, RBP=0x000000001dc9ed40, RSI=0x0000000060200021, RDI=0x00000000000000a5
R8 =0x0000000000000004, R9 =0x00000000d68b6ad0, R10=0x00000000050b8c3b, R11=0x000000006b29bcb0
R12=0x0000000000000000, R13=0x0000000019a2de98, R14=0x000000001dc9ed68, R15=0x000000001be43800
RIP=0x0000000180003ae0, EFLAGS=0x0000000000010206

Top of Stack: (sp=0x000000001dc9ecc8)
0x000000001dc9ecc8:   00000000050b8c67 0000000000000000
0x000000001dc9ecd8:   0000000000000000 000000001dc9ed50
0x000000001dc9ece8:   00000000050a7b30 00000000d6bef240
0x000000001dc9ecf8:   00000000050a7b30 000000001dc9ed00
0x000000001dc9ed08:   0000000000000000 000000001dc9ed68
0x000000001dc9ed18:   000000001d5d8a30 0000000000000000
0x000000001dc9ed28:   0000000019a2de98 0000000000000000
0x000000001dc9ed38:   000000001dc9ed60 000000001dc9edb8
0x000000001dc9ed48:   00000000050a7e70 00000000d68b6b90
0x000000001dc9ed58:   00000000050b21d7 0000000000000004
0x000000001dc9ed68:   0000000000000004 00000000d6bef240
0x000000001dc9ed78:   000000001dc9ed78 0000000019a2b9ab
0x000000001dc9ed88:   000000001dc9edd8 000000001d5d8a30
0x000000001dc9ed98:   0000000000000000 0000000019a2ba08
0x000000001dc9eda8:   000000001dc9ed60 000000001dc9edc8
0x000000001dc9edb8:   000000001dc9ee30 00000000050a835d 

Instructions: (pc=0x0000000180003ae0)
0x0000000180003ac0:   
[error occurred during error reporting (printing registers, top of stack, instructions near pc), id 0xc0000005]

Register to memory mapping:

RAX=0x0000000180003ae0 is an unknown value
RBX={method} {0x0000000019a2dea0} 'malloc' '(J)J' in 'com/sun/jna/Memory'
RCX=0x000000001be439f8 is an unknown value
RDX=0x000000001dc9ed50 is pointing into the stack for thread: 0x000000001be43800
RSP=0x000000001dc9ecc8 is pointing into the stack for thread: 0x000000001be43800
RBP=0x000000001dc9ed40 is pointing into the stack for thread: 0x000000001be43800
RSI=0x0000000060200021 is an unknown value
RDI=0x00000000000000a5 is an unknown value
R8 =0x0000000000000004 is an unknown value
R9 =0x00000000d68b6ad0 is an oop
java.lang.Class 
 - klass: 'java/lang/Class'
R10=0x00000000050b8c3b is at code_begin+891 in an Interpreter codelet
method entry point (kind = native)  [0x00000000050b88c0, 0x00000000050b9280]  2496 bytes
R11=0x000000006b29bcb0 is an unknown value
R12=0x0000000000000000 is an unknown value
R13={method} {0x0000000019a2dea0} 'malloc' '(J)J' in 'com/sun/jna/Memory'
R14=0x000000001dc9ed68 is pointing into the stack for thread: 0x000000001be43800
R15=0x000000001be43800 is a thread


Stack: [0x000000001dba0000,0x000000001dca0000],  sp=0x000000001dc9ecc8,  free space=1019k
Native frames: (J=compiled Java code, j=interpreted, Vv=VM code, C=native code)
C  0x0000000180003ae0

Java frames: (J=compiled Java code, j=interpreted, Vv=VM code)
j  com.sun.jna.Memory.malloc(J)J+0
j  com.sun.jna.Memory.<init>(J)V+27
j  com.sun.jna.ptr.ByReference.<init>(I)V+11
j  com.sun.jna.ptr.IntByReference.<init>(I)V+2
j  com.sun.jna.ptr.IntByReference.<init>()V+2
j  edu.cmu.ri.createlab.usb.hid.windows.WindowsHIDDevice.write([B)Ledu/cmu/ri/createlab/usb/hid/HIDWriteStatus;+181
j  edu.cmu.ri.createlab.usb.hid.CreateLabHIDCommandStrategy.execute(Ledu/cmu/ri/createlab/usb/hid/HIDDevice;)Ledu/cmu/ri/createlab/usb/hid/HIDCommandResponse;+15
j  edu.cmu.ri.createlab.usb.hid.CreateLabHIDCommandStrategy.execute(Ljava/lang/Object;)Ledu/cmu/ri/createlab/util/commandexecution/CommandResponse;+5
j  edu.cmu.ri.createlab.usb.hid.HIDCommand.call()Ledu/cmu/ri/createlab/usb/hid/HIDCommandResponse;+8
j  edu.cmu.ri.createlab.usb.hid.HIDCommand.call()Ljava/lang/Object;+1
j  java.util.concurrent.FutureTask.run()V+42
j  java.util.concurrent.ThreadPoolExecutor.runWorker(Ljava/util/concurrent/ThreadPoolExecutor$Worker;)V+95
j  java.util.concurrent.ThreadPoolExecutor$Worker.run()V+5
j  java.lang.Thread.run()V+11
v  ~StubRoutines::call_stub

---------------  P R O C E S S  ---------------

Java Threads: ( => current thread )
  0x000000001be91800 JavaThread "Thread-0" daemon [_thread_in_native, id=12228, stack(0x000000001f200000,0x000000001f300000)]
  0x000000001be94800 JavaThread "TimerQueue" daemon [_thread_blocked, id=5452, stack(0x000000001f100000,0x000000001f200000)]
  0x000000001be8e800 JavaThread "AWT-EventQueue-0" [_thread_blocked, id=5676, stack(0x000000001dfa0000,0x000000001e0a0000)]
=>0x000000001be43800 JavaThread "HIDCommandExecutionQueue.executor pool-5-thread-1" daemon [_thread_in_native, id=8500, stack(0x000000001dba0000,0x000000001dca0000)]
  0x000000001be5e000 JavaThread "FinchController.peerPingScheduler pool-6-thread-1" daemon [_thread_blocked, id=3316, stack(0x000000001da50000,0x000000001db50000)]
  0x000000001be15800 JavaThread "BaseCreateLabDeviceConnectivityManager.executorService pool-1-thread-1" daemon [_thread_blocked, id=10084, stack(0x000000001d410000,0x000000001d510000)]
  0x000000001be15000 JavaThread "DatasetPlotter.executorService pool-4-thread-1" daemon [_thread_blocked, id=1148, stack(0x000000001d310000,0x000000001d410000)]
  0x000000001be12000 JavaThread "DatasetPlotter.executorService pool-3-thread-1" daemon [_thread_blocked, id=1704, stack(0x000000001d210000,0x000000001d310000)]
  0x000000001be0f800 JavaThread "DatasetPlotter.executorService pool-2-thread-1" daemon [_thread_blocked, id=11280, stack(0x000000001d110000,0x000000001d210000)]
  0x000000001bdaf000 JavaThread "AWT-Shutdown" [_thread_blocked, id=6652, stack(0x000000001c570000,0x000000001c670000)]
  0x000000001bdae000 JavaThread "Java2D Disposer" daemon [_thread_blocked, id=7532, stack(0x000000001c470000,0x000000001c570000)]
  0x000000001b551000 JavaThread "Service Thread" daemon [_thread_blocked, id=9076, stack(0x000000001b930000,0x000000001ba30000)]
  0x0000000019c46800 JavaThread "C1 CompilerThread2" daemon [_thread_blocked, id=384, stack(0x000000001b430000,0x000000001b530000)]
  0x0000000019c35800 JavaThread "C2 CompilerThread1" daemon [_thread_blocked, id=8604, stack(0x000000001b330000,0x000000001b430000)]
  0x0000000019bed800 JavaThread "C2 CompilerThread0" daemon [_thread_blocked, id=6128, stack(0x000000001b230000,0x000000001b330000)]
  0x0000000019bec000 JavaThread "Attach Listener" daemon [_thread_blocked, id=732, stack(0x000000001b130000,0x000000001b230000)]
  0x0000000019bea800 JavaThread "Signal Dispatcher" daemon [_thread_blocked, id=6356, stack(0x000000001b030000,0x000000001b130000)]
  0x0000000019bda800 JavaThread "Finalizer" daemon [_thread_blocked, id=6664, stack(0x000000001ae40000,0x000000001af40000)]
  0x0000000005070800 JavaThread "Reference Handler" daemon [_thread_blocked, id=12060, stack(0x000000001ad40000,0x000000001ae40000)]
  0x000000000509e000 JavaThread "main" [_thread_blocked, id=12668, stack(0x00000000036c0000,0x00000000037c0000)]

Other Threads:
  0x0000000019bb7800 VMThread [stack: 0x000000001ac40000,0x000000001ad40000] [id=3876]
  0x000000001b552000 WatcherThread [stack: 0x000000001ba30000,0x000000001bb30000] [id=628]

VM state:not at safepoint (normal execution)

VM Mutex/Monitor currently owned by a thread: None

Heap:
 PSYoungGen      total 38400K, used 20640K [0x00000000d5f80000, 0x00000000d8a00000, 0x0000000100000000)
  eden space 33280K, 62% used [0x00000000d5f80000,0x00000000d73a8270,0x00000000d8000000)
  from space 5120K, 0% used [0x00000000d8500000,0x00000000d8500000,0x00000000d8a00000)
  to   space 5120K, 0% used [0x00000000d8000000,0x00000000d8000000,0x00000000d8500000)
 ParOldGen       total 87552K, used 0K [0x0000000081e00000, 0x0000000087380000, 0x00000000d5f80000)
  object space 87552K, 0% used [0x0000000081e00000,0x0000000081e00000,0x0000000087380000)
 Metaspace       used 14533K, capacity 14750K, committed 15104K, reserved 1062912K
  class space    used 1909K, capacity 1974K, committed 2048K, reserved 1048576K

Card table byte_map: [0x0000000014460000,0x0000000014860000] byte_map_base: 0x0000000014051000

Marking Bits: (ParMarkBitMap*) 0x000000006b88f860
 Begin Bits: [0x0000000014f10000, 0x0000000016e98000)
 End Bits:   [0x0000000016e98000, 0x0000000018e20000)

Polling page: 0x0000000003290000

CodeCache: size=245760Kb used=3408Kb max_used=3409Kb free=242351Kb
 bounds [0x00000000050a0000, 0x0000000005400000, 0x00000000140a0000]
 total_blobs=1533 nmethods=1010 adapters=436
 compilation: enabled

Compilation events (10 events):
Event: 10.193 Thread 0x0000000019c46800 1006       1       java.awt.EventDispatchThread$1::evaluate (2 bytes)
Event: 10.193 Thread 0x0000000019c46800 nmethod 1006 0x00000000053ed510 code [0x00000000053ed660, 0x00000000053ed770]
Event: 10.193 Thread 0x0000000019c46800 1007       3       java.awt.EventDispatchThread$HierarchyEventFilter::acceptEvent (225 bytes)
Event: 10.194 Thread 0x0000000019c46800 nmethod 1007 0x00000000053f3510 code [0x00000000053f3740, 0x00000000053f4948]
Event: 10.200 Thread 0x0000000019c46800 1008   !   3       java.awt.EventQueue::postEventPrivate (104 bytes)
Event: 10.200 Thread 0x0000000019c46800 nmethod 1008 0x00000000053f2710 code [0x00000000053f2920, 0x00000000053f31c8]
Event: 10.375 Thread 0x0000000019c46800 1009       1       edu.cmu.ri.createlab.usb.hid.DeviceInfoImpl::getFileHandle (5 bytes)
Event: 10.375 Thread 0x0000000019c46800 nmethod 1009 0x00000000053f2450 code [0x00000000053f25a0, 0x00000000053f26b0]
Event: 10.442 Thread 0x0000000019c46800 1010       3       java.util.IdentityHashMap$IdentityHashMapIterator::nextIndex (72 bytes)
Event: 10.442 Thread 0x0000000019c46800 nmethod 1010 0x00000000053f1d90 code [0x00000000053f1f20, 0x00000000053f22e8]

GC Heap History (0 events):
No events

Deoptimization events (7 events):
Event: 0.073 Thread 0x000000000509e000 Uncommon trap: reason=unstable_if action=reinterpret pc=0x00000000051c3d38 method=java.lang.String.hashCode()I @ 14
Event: 0.486 Thread 0x000000000509e000 Uncommon trap: reason=unstable_if action=reinterpret pc=0x00000000052f9084 method=java.util.HashMap.hash(Ljava/lang/Object;)I @ 1
Event: 0.487 Thread 0x000000000509e000 Uncommon trap: reason=unstable_if action=reinterpret pc=0x00000000052cac68 method=java.util.HashMap.hash(Ljava/lang/Object;)I @ 1
Event: 2.471 Thread 0x000000001be8e800 Uncommon trap: reason=class_check action=maybe_recompile pc=0x00000000051b7ea8 method=java.lang.String.equals(Ljava/lang/Object;)Z @ 8
Event: 2.471 Thread 0x000000001be8e800 Uncommon trap: reason=class_check action=maybe_recompile pc=0x00000000051b7ea8 method=java.lang.String.equals(Ljava/lang/Object;)Z @ 8
Event: 2.612 Thread 0x000000001be8e800 Uncommon trap: reason=class_check action=maybe_recompile pc=0x00000000051b7ea8 method=java.lang.String.equals(Ljava/lang/Object;)Z @ 8
Event: 2.612 Thread 0x000000001be8e800 Uncommon trap: reason=class_check action=maybe_recompile pc=0x00000000051b7ea8 method=java.lang.String.equals(Ljava/lang/Object;)Z @ 8

Classes redefined (0 events):
No events

Internal exceptions (10 events):
Event: 0.155 Thread 0x000000000509e000 Exception <a 'java/lang/ClassNotFoundException': org/apache/log4j/PatternLayoutBeanInfo> (0x00000000d632c480) thrown at [C:\re\workspace\8-2-build-windows-amd64-cygwin\jdk8u161\10277\hotspot\src\share\vm\classfile\systemDictionary.cpp, line 210]
Event: 0.155 Thread 0x000000000509e000 Exception <a 'java/lang/ClassNotFoundException': org/apache/log4j/LayoutBeanInfo> (0x00000000d6330970) thrown at [C:\re\workspace\8-2-build-windows-amd64-cygwin\jdk8u161\10277\hotspot\src\share\vm\classfile\systemDictionary.cpp, line 210]
Event: 0.155 Thread 0x000000000509e000 Exception <a 'java/lang/ClassNotFoundException': org/apache/log4j/LayoutCustomizer> (0x00000000d6334d50) thrown at [C:\re\workspace\8-2-build-windows-amd64-cygwin\jdk8u161\10277\hotspot\src\share\vm\classfile\systemDictionary.cpp, line 210]
Event: 0.156 Thread 0x000000000509e000 Exception <a 'java/lang/ClassNotFoundException': org/apache/log4j/PatternLayoutCustomizer> (0x00000000d633dc70) thrown at [C:\re\workspace\8-2-build-windows-amd64-cygwin\jdk8u161\10277\hotspot\src\share\vm\classfile\systemDictionary.cpp, line 210]
Event: 0.186 Thread 0x000000000509e000 Exception <a 'java/io/FileNotFoundException'> (0x00000000d6425da8) thrown at [C:\re\workspace\8-2-build-windows-amd64-cygwin\jdk8u161\10277\hotspot\src\share\vm\prims\jni.cpp, line 709]
Event: 0.209 Thread 0x000000000509e000 Exception <a 'java/lang/NoSuchFieldError': method resolution failed> (0x00000000d64f77f0) thrown at [C:\re\workspace\8-2-build-windows-amd64-cygwin\jdk8u161\10277\hotspot\src\share\vm\prims\methodHandles.cpp, line 1167]
Event: 0.210 Thread 0x000000000509e000 Exception <a 'java/lang/NoSuchFieldError': method resolution failed> (0x00000000d6504b10) thrown at [C:\re\workspace\8-2-build-windows-amd64-cygwin\jdk8u161\10277\hotspot\src\share\vm\prims\methodHandles.cpp, line 1167]
Event: 0.254 Thread 0x000000000509e000 Exception <a 'java/io/FileNotFoundException'> (0x00000000d65ecd80) thrown at [C:\re\workspace\8-2-build-windows-amd64-cygwin\jdk8u161\10277\hotspot\src\share\vm\prims\jni.cpp, line 709]
Event: 0.486 Thread 0x000000000509e000 Implicit null exception at 0x00000000052f8e95 to 0x00000000052f9075
Event: 0.487 Thread 0x000000000509e000 Implicit null exception at 0x00000000052cabef to 0x00000000052cac59

Events (10 events):
Event: 4.744 loading class edu/cmu/ri/createlab/terk/services/motor/OpenLoopVelocityControllableMotorService done
Event: 4.745 loading class edu/cmu/ri/createlab/terk/robot/finch/commands/MotorVelocityCommandStrategy
Event: 4.745 loading class edu/cmu/ri/createlab/terk/robot/finch/commands/MotorVelocityCommandStrategy done
Event: 5.486 Thread 0x000000001be47800 Thread exited: 0x000000001be47800
Event: 10.442 Thread 0x000000001be91800 Thread added: 0x000000001be91800
Event: 10.442 Thread 0x000000001be91000 Thread added: 0x000000001be91000
Event: 10.442 Thread 0x000000001be93000 Thread added: 0x000000001be93000
Event: 10.442 Thread 0x000000001be93000 Thread exited: 0x000000001be93000
Event: 10.443 Thread 0x000000001be91000 Thread exited: 0x000000001be91000
Event: 10.448 Thread 0x000000001bdaf800 Thread exited: 0x000000001bdaf800


Dynamic libraries:
0x00007ff71c930000 - 0x00007ff71c967000 	C:\Program Files\Java\jre1.8.0_161\bin\javaw.exe
0x00007ff82eb90000 - 0x00007ff82ed70000 	C:\WINDOWS\SYSTEM32\ntdll.dll
0x00007ff82e8f0000 - 0x00007ff82e99e000 	C:\WINDOWS\System32\KERNEL32.DLL
0x00007ff82b800000 - 0x00007ff82ba66000 	C:\WINDOWS\System32\KERNELBASE.dll
0x00007ff82e6b0000 - 0x00007ff82e751000 	C:\WINDOWS\System32\ADVAPI32.dll
0x00007ff82c6b0000 - 0x00007ff82c74d000 	C:\WINDOWS\System32\msvcrt.dll
0x00007ff82ead0000 - 0x00007ff82eb2b000 	C:\WINDOWS\System32\sechost.dll
0x00007ff82c4e0000 - 0x00007ff82c5ff000 	C:\WINDOWS\System32\RPCRT4.dll
0x00007ff82e760000 - 0x00007ff82e8ef000 	C:\WINDOWS\System32\USER32.dll
0x00007ff82aff0000 - 0x00007ff82b010000 	C:\WINDOWS\System32\win32u.dll
0x00007ff82c9f0000 - 0x00007ff82ca18000 	C:\WINDOWS\System32\GDI32.dll
0x00007ff82bcc0000 - 0x00007ff82be53000 	C:\WINDOWS\System32\gdi32full.dll
0x00007ff82b760000 - 0x00007ff82b7fb000 	C:\WINDOWS\System32\msvcp_win.dll
0x00007ff82be60000 - 0x00007ff82bf56000 	C:\WINDOWS\System32\ucrtbase.dll
0x00007ff815590000 - 0x00007ff8157f9000 	C:\WINDOWS\WinSxS\amd64_microsoft.windows.common-controls_6595b64144ccf1df_6.0.16299.192_none_15c8cdae9364c23b\COMCTL32.dll
0x00007ff82e270000 - 0x00007ff82e578000 	C:\WINDOWS\System32\combase.dll
0x00007ff82ba70000 - 0x00007ff82bae2000 	C:\WINDOWS\System32\bcryptPrimitives.dll
0x00007ff82c060000 - 0x00007ff82c08d000 	C:\WINDOWS\System32\IMM32.DLL
0x000000006adc0000 - 0x000000006ae92000 	C:\Program Files\Java\jre1.8.0_161\bin\msvcr100.dll
0x000000006b070000 - 0x000000006b90f000 	C:\Program Files\Java\jre1.8.0_161\bin\server\jvm.dll
0x00007ff82eb50000 - 0x00007ff82eb58000 	C:\WINDOWS\System32\PSAPI.DLL
0x00007ff81fcd0000 - 0x00007ff81fcd9000 	C:\WINDOWS\SYSTEM32\WSOCK32.dll
0x00007ff828ff0000 - 0x00007ff829013000 	C:\WINDOWS\SYSTEM32\WINMM.dll
0x00007ff8256f0000 - 0x00007ff8256fa000 	C:\WINDOWS\SYSTEM32\VERSION.dll
0x00007ff82e010000 - 0x00007ff82e07c000 	C:\WINDOWS\System32\WS2_32.dll
0x00007ff828f60000 - 0x00007ff828f8a000 	C:\WINDOWS\SYSTEM32\WINMMBASE.dll
0x00007ff82bf60000 - 0x00007ff82bfaa000 	C:\WINDOWS\System32\cfgmgr32.dll
0x000000006af80000 - 0x000000006af8f000 	C:\Program Files\Java\jre1.8.0_161\bin\verify.dll
0x000000006af50000 - 0x000000006af79000 	C:\Program Files\Java\jre1.8.0_161\bin\java.dll
0x000000006af30000 - 0x000000006af46000 	C:\Program Files\Java\jre1.8.0_161\bin\zip.dll
0x00007ff82cb70000 - 0x00007ff82dfa6000 	C:\WINDOWS\System32\SHELL32.dll
0x00007ff82c600000 - 0x00007ff82c6a6000 	C:\WINDOWS\System32\shcore.dll
0x00007ff82b010000 - 0x00007ff82b757000 	C:\WINDOWS\System32\windows.storage.dll
0x00007ff82e9a0000 - 0x00007ff82e9f1000 	C:\WINDOWS\System32\shlwapi.dll
0x00007ff82af70000 - 0x00007ff82af81000 	C:\WINDOWS\System32\kernel.appcore.dll
0x00007ff82aee0000 - 0x00007ff82af2c000 	C:\WINDOWS\System32\powrprof.dll
0x00007ff82af30000 - 0x00007ff82af4b000 	C:\WINDOWS\System32\profapi.dll
0x000000006ac20000 - 0x000000006adb8000 	C:\Program Files\Java\jre1.8.0_161\bin\awt.dll
0x00007ff82ea00000 - 0x00007ff82eac5000 	C:\WINDOWS\System32\OLEAUT32.dll
0x00007ff8290e0000 - 0x00007ff829168000 	C:\WINDOWS\SYSTEM32\apphelp.dll
0x00007ff829400000 - 0x00007ff829495000 	C:\WINDOWS\system32\uxtheme.dll
0x00007ff82e080000 - 0x00007ff82e1e7000 	C:\WINDOWS\System32\MSCTF.dll
0x00007ff8294d0000 - 0x00007ff8294fa000 	C:\WINDOWS\system32\dwmapi.dll
0x00007ff82ca20000 - 0x00007ff82cb69000 	C:\WINDOWS\System32\ole32.dll
0x00007ff82a8d0000 - 0x00007ff82a8e7000 	C:\WINDOWS\SYSTEM32\CRYPTSP.dll
0x00007ff82a320000 - 0x00007ff82a353000 	C:\WINDOWS\system32\rsaenh.dll
0x00007ff82aa40000 - 0x00007ff82aa65000 	C:\WINDOWS\SYSTEM32\bcrypt.dll
0x00007ff82ade0000 - 0x00007ff82ae09000 	C:\WINDOWS\SYSTEM32\USERENV.dll
0x00007ff82a8f0000 - 0x00007ff82a8fb000 	C:\WINDOWS\SYSTEM32\CRYPTBASE.dll
0x000000006af10000 - 0x000000006af2a000 	C:\Program Files\Java\jre1.8.0_161\bin\net.dll
0x00007ff82a710000 - 0x00007ff82a776000 	C:\WINDOWS\system32\mswsock.dll
0x00007ff82a4a0000 - 0x00007ff82a4d9000 	C:\WINDOWS\SYSTEM32\IPHLPAPI.DLL
0x00007ff82e580000 - 0x00007ff82e588000 	C:\WINDOWS\System32\NSI.dll
0x00007ff823240000 - 0x00007ff823256000 	C:\WINDOWS\SYSTEM32\dhcpcsvc6.DLL
0x00007ff8231f0000 - 0x00007ff82320a000 	C:\WINDOWS\SYSTEM32\dhcpcsvc.DLL
0x000000006aef0000 - 0x000000006af01000 	C:\Program Files\Java\jre1.8.0_161\bin\nio.dll
0x00007ff829aa0000 - 0x00007ff829aac000 	C:\WINDOWS\SYSTEM32\hid.dll
0x00007ff82c090000 - 0x00007ff82c4de000 	C:\WINDOWS\System32\setupapi.dll
0x00007ff82acf0000 - 0x00007ff82ad17000 	C:\WINDOWS\System32\DEVOBJ.dll
0x00007ff82af90000 - 0x00007ff82afe8000 	C:\WINDOWS\System32\WINTRUST.dll
0x00007ff82af50000 - 0x00007ff82af62000 	C:\WINDOWS\System32\MSASN1.dll
0x00007ff82baf0000 - 0x00007ff82bcbe000 	C:\WINDOWS\System32\CRYPT32.dll
0x000000006abd0000 - 0x000000006ac17000 	C:\Program Files\Java\jre1.8.0_161\bin\fontmanager.dll
0x00007ff80d2a0000 - 0x00007ff80d3be000 	C:\WINDOWS\system32\opengl32.dll
0x00007ff81df50000 - 0x00007ff81df7c000 	C:\WINDOWS\SYSTEM32\GLU32.dll
0x000000006ab80000 - 0x000000006abc2000 	C:\Program Files\Java\jre1.8.0_161\bin\t2k.dll
0x00007ff82c8f0000 - 0x00007ff82c98e000 	C:\WINDOWS\System32\clbcatq.dll
0x00007ff8267e0000 - 0x00007ff82698b000 	C:\WINDOWS\SYSTEM32\WindowsCodecs.dll
0x00007ff822b50000 - 0x00007ff822be8000 	C:\WINDOWS\System32\TextInputFramework.dll
0x00007ff825e00000 - 0x00007ff8260ee000 	C:\WINDOWS\System32\CoreUIComponents.dll
0x00007ff828950000 - 0x00007ff828a2c000 	C:\WINDOWS\System32\CoreMessaging.dll
0x00007ff82a020000 - 0x00007ff82a051000 	C:\WINDOWS\SYSTEM32\ntmarta.dll
0x00007ff826990000 - 0x00007ff826ac6000 	C:\WINDOWS\SYSTEM32\wintypes.dll
0x00007ff81d2b0000 - 0x00007ff81d478000 	C:\WINDOWS\SYSTEM32\dbghelp.dll

VM Arguments:
jvm_args: -Dfile.encoding=Cp1252 
java_command: A2
java_class_path (initial): C:\Program Files\Java\jre1.8.0_161\lib\resources.jar;C:\Program Files\Java\jre1.8.0_161\lib\rt.jar;C:\Program Files\Java\jre1.8.0_161\lib\jsse.jar;C:\Program Files\Java\jre1.8.0_161\lib\jce.jar;C:\Program Files\Java\jre1.8.0_161\lib\charsets.jar;C:\Program Files\Java\jre1.8.0_161\lib\jfr.jar;C:\Program Files\Java\jre1.8.0_161\lib\ext\access-bridge-64.jar;C:\Program Files\Java\jre1.8.0_161\lib\ext\cldrdata.jar;C:\Program Files\Java\jre1.8.0_161\lib\ext\dnsns.jar;C:\Program Files\Java\jre1.8.0_161\lib\ext\jaccess.jar;C:\Program Files\Java\jre1.8.0_161\lib\ext\jfxrt.jar;C:\Program Files\Java\jre1.8.0_161\lib\ext\localedata.jar;C:\Program Files\Java\jre1.8.0_161\lib\ext\nashorn.jar;C:\Program Files\Java\jre1.8.0_161\lib\ext\sunec.jar;C:\Program Files\Java\jre1.8.0_161\lib\ext\sunjce_provider.jar;C:\Program Files\Java\jre1.8.0_161\lib\ext\sunmscapi.jar;C:\Program Files\Java\jre1.8.0_161\lib\ext\sunpkcs11.jar;C:\Program Files\Java\jre1.8.0_161\lib\ext\zipfs.jar;C:\Users\Brandon\eclipse-workspace\CS1701_A2\bin;C:\Users\Brandon\Documents\UNI\Level1\CS1702 - Introductory Programming\Finch\SourceFiles\finch.jar
Launcher Type: SUN_STANDARD

Environment Variables:
PATH=C:/Program Files/Java/jre1.8.0_161/bin/server;C:/Program Files/Java/jre1.8.0_161/bin;C:/Program Files/Java/jre1.8.0_161/lib/amd64;C:\ProgramData\Oracle\Java\javapath;C:\WINDOWS\system32;C:\WINDOWS;C:\WINDOWS\System32\Wbem;C:\WINDOWS\System32\WindowsPowerShell\v1.0\;C:\Program Files (x86)\Skype\Phone\;C:\Program Files\Microsoft DNX\Dnvm\;C:\Program Files\Microsoft SQL Server\130\Tools\Binn\;C:\Program Files (x86)\NVIDIA Corporation\PhysX\Common;C:\WINDOWS\system32;C:\WINDOWS;C:\WINDOWS\System32\Wbem;C:\WINDOWS\System32\WindowsPowerShell\v1.0\;C:\Program Files (x86)\Windows Live\Shared;C:\Program Files\Java\jdk1.8.0_131\bin;%USERPROFILE%\AppData\Local\Microsoft\WindowsApps;;C:\Users\Brandon\Desktop;
USERNAME=Brandon
OS=Windows_NT
PROCESSOR_IDENTIFIER=Intel64 Family 6 Model 60 Stepping 3, GenuineIntel



---------------  S Y S T E M  ---------------

OS: Windows 10.0 , 64 bit Build 16299 (10.0.16299.15)

CPU:total 4 (initial active 4) (4 cores per cpu, 1 threads per core) family 6 model 60 stepping 3, cmov, cx8, fxsr, mmx, sse, sse2, sse3, ssse3, sse4.1, sse4.2, popcnt, avx, avx2, aes, clmul, erms, lzcnt, tsc, tscinvbit, bmi1, bmi2

Memory: 4k page, physical 8262260k(4196888k free), swap 16650868k(12077264k free)

vm_info: Java HotSpot(TM) 64-Bit Server VM (25.161-b12) for windows-amd64 JRE (1.8.0_161-b12), built on Dec 19 2017 17:52:25 by "java_re" with MS VC++ 10.0 (VS2010)

time: Tue Feb 13 15:19:33 2018
elapsed time: 10 seconds (0d 0h 0m 10s)

